<?xml version="1.0" encoding="UTF-8"?>
<!-- Generated by org.testng.reporters.JUnitXMLReporter -->
<testsuite hostname="DESKTOP-CLJUSAJ" name="SIC Test Automation" tests="3" failures="0" timestamp="28 Feb 2017 19:45:45 GMT" time="1.607" errors="0">
  <testcase name="@BeforeClass beforeClass" time="0.0" classname="TestScripts.SmokeTest.TC_ID_01">
    <failure type="java.lang.IllegalStateException" message="The driver executable does not exist: C:\Users\MOHAN G B\workspace\GmailLogin\.\Drivers\chromedriver.exe">
      <![CDATA[java.lang.IllegalStateException: The driver executable does not exist: C:\Users\MOHAN G B\workspace\GmailLogin\.\Drivers\chromedriver.exe
	at com.google.common.base.Preconditions.checkState(Preconditions.java:199)
	at org.openqa.selenium.remote.service.DriverService.checkExecutable(DriverService.java:121)
	at org.openqa.selenium.remote.service.DriverService.findExecutable(DriverService.java:116)
	at org.openqa.selenium.chrome.ChromeDriverService.access$000(ChromeDriverService.java:32)
	at org.openqa.selenium.chrome.ChromeDriverService$Builder.findDefaultExecutable(ChromeDriverService.java:137)
	at org.openqa.selenium.remote.service.DriverService$Builder.build(DriverService.java:296)
	at org.openqa.selenium.chrome.ChromeDriverService.createDefaultService(ChromeDriverService.java:88)
	at org.openqa.selenium.chrome.ChromeDriver.<init>(ChromeDriver.java:116)
	at com.Gmail.accelerators.TestEngine.getBrowser(TestEngine.java:1147)
	at TestScripts.SmokeTest.TC_ID_01.beforeClass(TC_ID_01.java:37)
... Removed 24 stack frames]]>
    </failure>
  </testcase> <!-- @BeforeClass beforeClass -->
  <testcase name="@AfterClass afterClass" time="0.0" classname="TestScripts.SmokeTest.TC_ID_01">
    <skipped/>
  </testcase> <!-- @AfterClass afterClass -->
  <testcase name="step1" time="0.005" classname="TestScripts.SmokeTest.TC_ID_01">
    <skipped/>
  </testcase> <!-- step1 -->
  <testcase name="step2" time="0.006" classname="TestScripts.SmokeTest.TC_ID_01">
    <skipped/>
  </testcase> <!-- step2 -->
  <testcase name="step3" time="0.003" classname="TestScripts.SmokeTest.TC_ID_01">
    <skipped/>
  </testcase> <!-- step3 -->
</testsuite> <!-- SIC Test Automation -->
